<?xml version="1.0" encoding="UTF-8"?>
<!-- Generated by org.testng.reporters.JUnitReportReporter -->
<testsuite hostname="Dericks-MacBook-Pro.local" failures="0" tests="1" name="com.superheroes.tests.UserCreationTest" time="4.538" errors="0" timestamp="2022-05-22T00:44:36 CDT" skipped="0">
  <testcase classname="com.superheroes.tests.UserCreationTest" name="registerUser" time="4.538"/>
</testsuite> <!-- com.superheroes.tests.UserCreationTest -->
