<?xml version="1.0" encoding="UTF-8"?>
<!-- Generated by org.testng.reporters.JUnitReportReporter -->
<testsuite hostname="Dericks-MacBook-Pro.local" failures="0" tests="1" name="com.superheroes.tests.UserCreation" time="8.276" errors="0" timestamp="2022-05-21T02:13:44 CDT" skipped="0">
  <testcase classname="com.superheroes.tests.UserCreation" name="registerUser" time="8.276"/>
</testsuite> <!-- com.superheroes.tests.UserCreation -->
