<?xml version="1.0" encoding="UTF-8"?>
<!-- Generated by org.testng.reporters.JUnitReportReporter -->
<testsuite hostname="Dericks-MacBook-Pro.local" failures="0" tests="1" name="com.superheroes.tests.GoToAPublicPlaceTest" time="4.621" errors="0" timestamp="2022-05-22T00:44:36 CDT" skipped="0">
  <testcase classname="com.superheroes.tests.GoToAPublicPlaceTest" name="test" time="4.621"/>
</testsuite> <!-- com.superheroes.tests.GoToAPublicPlaceTest -->
