<?xml version="1.0" encoding="UTF-8"?>
<!-- Generated by org.testng.reporters.JUnitReportReporter -->
<testsuite hostname="Dericks-MacBook-Pro.local" failures="0" tests="1" name="com.supervillain.tests.TC01" time="3.619" errors="0" timestamp="2022-05-21T23:06:45 CDT" skipped="0">
  <testcase classname="com.supervillain.tests.TC01" name="testUpdateUser" time="3.619"/>
</testsuite> <!-- com.supervillain.tests.TC01 -->
