<?xml version="1.0" encoding="UTF-8"?>
<!-- Generated by org.testng.reporters.JUnitReportReporter -->
<testsuite hostname="Dericks-MacBook-Pro.local" failures="0" tests="6" name="com.supervillain.tests.Covid19TheGameVillain" time="8.204" errors="0" timestamp="2022-05-22T01:56:56 CDT" skipped="0">
  <testcase classname="com.supervillain.tests.Covid19TheGameVillain" name="testSuperVillainVerifyToken" time="3.569"/>
  <testcase classname="com.supervillain.tests.Covid19TheGameVillain" name="testListofUsers" time="1.713"/>
  <testcase classname="com.supervillain.tests.Covid19TheGameVillain" name="testUpdateUser" time="0.740"/>
  <testcase classname="com.supervillain.tests.Covid19TheGameVillain" name="testUserLogin" time="0.715"/>
  <testcase classname="com.supervillain.tests.Covid19TheGameVillain" name="testAddNewUser" time="0.758"/>
  <testcase classname="com.supervillain.tests.Covid19TheGameVillain" name="testUserRegistration" time="0.709"/>
</testsuite> <!-- com.supervillain.tests.Covid19TheGameVillain -->
